<?xml version="1.0" encoding="UTF-8"?>
<testsuite xmlns:xsi="http://www.w3.org/2001/XMLSchema-instance" xsi:noNamespaceSchemaLocation="https://maven.apache.org/surefire/maven-surefire-plugin/xsd/surefire-test-report.xsd" name="com.gssystems.movielens.chatbot.ApplicationTest" time="16.17" tests="1" errors="0" skipped="0" failures="0">
  <properties>
    <property name="sun.desktop" value="windows"/>
    <property name="awt.toolkit" value="sun.awt.windows.WToolkit"/>
    <property name="java.specification.version" value="11"/>
    <property name="sun.cpu.isalist" value="amd64"/>
    <property name="sun.jnu.encoding" value="Cp1252"/>
    <property name="java.class.path" value="C:\Venky\intellij-projects\MovieLensChatBot\target\test-classes;C:\Venky\intellij-projects\MovieLensChatBot\target\classes;C:\Users\VenkyJagannath\.m2\repository\org\springframework\boot\spring-boot-starter-test\2.4.0\spring-boot-starter-test-2.4.0.jar;C:\Users\VenkyJagannath\.m2\repository\org\springframework\boot\spring-boot-starter\2.4.0\spring-boot-starter-2.4.0.jar;C:\Users\VenkyJagannath\.m2\repository\org\springframework\boot\spring-boot-autoconfigure\2.4.0\spring-boot-autoconfigure-2.4.0.jar;C:\Users\VenkyJagannath\.m2\repository\org\springframework\boot\spring-boot-starter-logging\2.4.0\spring-boot-starter-logging-2.4.0.jar;C:\Users\VenkyJagannath\.m2\repository\ch\qos\logback\logback-classic\1.2.3\logback-classic-1.2.3.jar;C:\Users\VenkyJagannath\.m2\repository\ch\qos\logback\logback-core\1.2.3\logback-core-1.2.3.jar;C:\Users\VenkyJagannath\.m2\repository\org\slf4j\jul-to-slf4j\1.7.30\jul-to-slf4j-1.7.30.jar;C:\Users\VenkyJagannath\.m2\repository\jakarta\annotation\jakarta.annotation-api\1.3.5\jakarta.annotation-api-1.3.5.jar;C:\Users\VenkyJagannath\.m2\repository\org\springframework\boot\spring-boot-test\2.4.0\spring-boot-test-2.4.0.jar;C:\Users\VenkyJagannath\.m2\repository\org\springframework\boot\spring-boot-test-autoconfigure\2.4.0\spring-boot-test-autoconfigure-2.4.0.jar;C:\Users\VenkyJagannath\.m2\repository\com\jayway\jsonpath\json-path\2.4.0\json-path-2.4.0.jar;C:\Users\VenkyJagannath\.m2\repository\net\minidev\json-smart\2.3\json-smart-2.3.jar;C:\Users\VenkyJagannath\.m2\repository\net\minidev\accessors-smart\1.2\accessors-smart-1.2.jar;C:\Users\VenkyJagannath\.m2\repository\org\ow2\asm\asm\5.0.4\asm-5.0.4.jar;C:\Users\VenkyJagannath\.m2\repository\jakarta\xml\bind\jakarta.xml.bind-api\2.3.3\jakarta.xml.bind-api-2.3.3.jar;C:\Users\VenkyJagannath\.m2\repository\jakarta\activation\jakarta.activation-api\1.2.2\jakarta.activation-api-1.2.2.jar;C:\Users\VenkyJagannath\.m2\repository\org\assertj\assertj-core\3.18.1\assertj-core-3.18.1.jar;C:\Users\VenkyJagannath\.m2\repository\org\hamcrest\hamcrest\2.2\hamcrest-2.2.jar;C:\Users\VenkyJagannath\.m2\repository\org\junit\jupiter\junit-jupiter\5.7.0\junit-jupiter-5.7.0.jar;C:\Users\VenkyJagannath\.m2\repository\org\junit\jupiter\junit-jupiter-api\5.7.0\junit-jupiter-api-5.7.0.jar;C:\Users\VenkyJagannath\.m2\repository\org\junit\jupiter\junit-jupiter-params\5.7.0\junit-jupiter-params-5.7.0.jar;C:\Users\VenkyJagannath\.m2\repository\org\junit\jupiter\junit-jupiter-engine\5.7.0\junit-jupiter-engine-5.7.0.jar;C:\Users\VenkyJagannath\.m2\repository\org\mockito\mockito-core\3.6.0\mockito-core-3.6.0.jar;C:\Users\VenkyJagannath\.m2\repository\net\bytebuddy\byte-buddy\1.10.18\byte-buddy-1.10.18.jar;C:\Users\VenkyJagannath\.m2\repository\net\bytebuddy\byte-buddy-agent\1.10.18\byte-buddy-agent-1.10.18.jar;C:\Users\VenkyJagannath\.m2\repository\org\objenesis\objenesis\3.1\objenesis-3.1.jar;C:\Users\VenkyJagannath\.m2\repository\org\mockito\mockito-junit-jupiter\3.6.0\mockito-junit-jupiter-3.6.0.jar;C:\Users\VenkyJagannath\.m2\repository\org\skyscreamer\jsonassert\1.5.0\jsonassert-1.5.0.jar;C:\Users\VenkyJagannath\.m2\repository\com\vaadin\external\google\android-json\0.0.20131108.vaadin1\android-json-0.0.20131108.vaadin1.jar;C:\Users\VenkyJagannath\.m2\repository\org\springframework\spring-core\5.3.1\spring-core-5.3.1.jar;C:\Users\VenkyJagannath\.m2\repository\org\springframework\spring-jcl\5.3.1\spring-jcl-5.3.1.jar;C:\Users\VenkyJagannath\.m2\repository\org\springframework\spring-test\5.3.1\spring-test-5.3.1.jar;C:\Users\VenkyJagannath\.m2\repository\org\xmlunit\xmlunit-core\2.7.0\xmlunit-core-2.7.0.jar;C:\Users\VenkyJagannath\.m2\repository\junit\junit\4.13.1\junit-4.13.1.jar;C:\Users\VenkyJagannath\.m2\repository\org\hamcrest\hamcrest-core\2.2\hamcrest-core-2.2.jar;C:\Users\VenkyJagannath\.m2\repository\org\junit\vintage\junit-vintage-engine\5.7.0\junit-vintage-engine-5.7.0.jar;C:\Users\VenkyJagannath\.m2\repository\org\apiguardian\apiguardian-api\1.1.0\apiguardian-api-1.1.0.jar;C:\Users\VenkyJagannath\.m2\repository\org\junit\platform\junit-platform-engine\1.7.0\junit-platform-engine-1.7.0.jar;C:\Users\VenkyJagannath\.m2\repository\org\opentest4j\opentest4j\1.2.0\opentest4j-1.2.0.jar;C:\Users\VenkyJagannath\.m2\repository\org\junit\platform\junit-platform-commons\1.7.0\junit-platform-commons-1.7.0.jar;C:\Users\VenkyJagannath\.m2\repository\org\slf4j\slf4j-api\1.7.30\slf4j-api-1.7.30.jar;C:\Users\VenkyJagannath\.m2\repository\org\apache\logging\log4j\log4j-api\2.13.3\log4j-api-2.13.3.jar;C:\Users\VenkyJagannath\.m2\repository\org\apache\logging\log4j\log4j-core\2.13.3\log4j-core-2.13.3.jar;C:\Users\VenkyJagannath\.m2\repository\org\apache\logging\log4j\log4j-to-slf4j\2.13.3\log4j-to-slf4j-2.13.3.jar;C:\Users\VenkyJagannath\.m2\repository\com\microsoft\bot\bot-integration-spring\4.14.1\bot-integration-spring-4.14.1.jar;C:\Users\VenkyJagannath\.m2\repository\org\springframework\boot\spring-boot-starter-web\2.4.0\spring-boot-starter-web-2.4.0.jar;C:\Users\VenkyJagannath\.m2\repository\org\springframework\boot\spring-boot-starter-json\2.4.0\spring-boot-starter-json-2.4.0.jar;C:\Users\VenkyJagannath\.m2\repository\com\fasterxml\jackson\core\jackson-databind\2.11.3\jackson-databind-2.11.3.jar;C:\Users\VenkyJagannath\.m2\repository\org\springframework\boot\spring-boot-starter-tomcat\2.4.0\spring-boot-starter-tomcat-2.4.0.jar;C:\Users\VenkyJagannath\.m2\repository\org\apache\tomcat\embed\tomcat-embed-core\9.0.39\tomcat-embed-core-9.0.39.jar;C:\Users\VenkyJagannath\.m2\repository\org\glassfish\jakarta.el\3.0.3\jakarta.el-3.0.3.jar;C:\Users\VenkyJagannath\.m2\repository\org\apache\tomcat\embed\tomcat-embed-websocket\9.0.39\tomcat-embed-websocket-9.0.39.jar;C:\Users\VenkyJagannath\.m2\repository\org\springframework\spring-web\5.3.1\spring-web-5.3.1.jar;C:\Users\VenkyJagannath\.m2\repository\org\springframework\spring-webmvc\5.3.1\spring-webmvc-5.3.1.jar;C:\Users\VenkyJagannath\.m2\repository\org\springframework\spring-aop\5.3.1\spring-aop-5.3.1.jar;C:\Users\VenkyJagannath\.m2\repository\org\springframework\spring-expression\5.3.1\spring-expression-5.3.1.jar;C:\Users\VenkyJagannath\.m2\repository\org\springframework\spring-beans\5.3.1\spring-beans-5.3.1.jar;C:\Users\VenkyJagannath\.m2\repository\org\springframework\boot\spring-boot\2.4.0\spring-boot-2.4.0.jar;C:\Users\VenkyJagannath\.m2\repository\org\springframework\spring-context\5.3.1\spring-context-5.3.1.jar;C:\Users\VenkyJagannath\.m2\repository\com\microsoft\bot\bot-integration-core\4.14.1\bot-integration-core-4.14.1.jar;C:\Users\VenkyJagannath\.m2\repository\com\microsoft\bot\bot-schema\4.14.1\bot-schema-4.14.1.jar;C:\Users\VenkyJagannath\.m2\repository\com\microsoft\bot\bot-connector\4.14.1\bot-connector-4.14.1.jar;C:\Users\VenkyJagannath\.m2\repository\com\squareup\retrofit2\retrofit\2.5.0\retrofit-2.5.0.jar;C:\Users\VenkyJagannath\.m2\repository\com\squareup\retrofit2\converter-jackson\2.5.0\converter-jackson-2.5.0.jar;C:\Users\VenkyJagannath\.m2\repository\com\squareup\okhttp3\okhttp\3.14.9\okhttp-3.14.9.jar;C:\Users\VenkyJagannath\.m2\repository\com\squareup\okio\okio\1.17.2\okio-1.17.2.jar;C:\Users\VenkyJagannath\.m2\repository\com\squareup\okhttp3\logging-interceptor\3.14.9\logging-interceptor-3.14.9.jar;C:\Users\VenkyJagannath\.m2\repository\com\squareup\okhttp3\okhttp-urlconnection\3.14.9\okhttp-urlconnection-3.14.9.jar;C:\Users\VenkyJagannath\.m2\repository\com\microsoft\azure\azure-annotations\1.7.0\azure-annotations-1.7.0.jar;C:\Users\VenkyJagannath\.m2\repository\com\microsoft\azure\msal4j\1.11.0\msal4j-1.11.0.jar;C:\Users\VenkyJagannath\.m2\repository\com\nimbusds\oauth2-oidc-sdk\8.23.1\oauth2-oidc-sdk-8.23.1.jar;C:\Users\VenkyJagannath\.m2\repository\com\github\stephenc\jcip\jcip-annotations\1.0-1\jcip-annotations-1.0-1.jar;C:\Users\VenkyJagannath\.m2\repository\com\nimbusds\content-type\2.1\content-type-2.1.jar;C:\Users\VenkyJagannath\.m2\repository\com\nimbusds\lang-tag\1.4.4\lang-tag-1.4.4.jar;C:\Users\VenkyJagannath\.m2\repository\com\nimbusds\nimbus-jose-jwt\9.1.2\nimbus-jose-jwt-9.1.2.jar;C:\Users\VenkyJagannath\.m2\repository\commons-io\commons-io\2.8.0\commons-io-2.8.0.jar;C:\Users\VenkyJagannath\.m2\repository\com\microsoft\bot\bot-dialogs\4.14.1\bot-dialogs-4.14.1.jar;C:\Users\VenkyJagannath\.m2\repository\com\microsoft\bot\bot-builder\4.14.1\bot-builder-4.14.1.jar;C:\Users\VenkyJagannath\.m2\repository\com\fasterxml\jackson\module\jackson-module-parameter-names\2.11.3\jackson-module-parameter-names-2.11.3.jar;C:\Users\VenkyJagannath\.m2\repository\com\fasterxml\jackson\core\jackson-core\2.11.3\jackson-core-2.11.3.jar;C:\Users\VenkyJagannath\.m2\repository\com\fasterxml\jackson\datatype\jackson-datatype-jdk8\2.11.3\jackson-datatype-jdk8-2.11.3.jar;C:\Users\VenkyJagannath\.m2\repository\com\fasterxml\jackson\datatype\jackson-datatype-jsr310\2.11.3\jackson-datatype-jsr310-2.11.3.jar;C:\Users\VenkyJagannath\.m2\repository\com\fasterxml\jackson\core\jackson-annotations\2.11.3\jackson-annotations-2.11.3.jar;C:\Users\VenkyJagannath\.m2\repository\com\codepoetics\protonpack\1.13\protonpack-1.13.jar;C:\Users\VenkyJagannath\.m2\repository\com\auth0\java-jwt\3.13.0\java-jwt-3.13.0.jar;C:\Users\VenkyJagannath\.m2\repository\com\auth0\jwks-rsa\0.15.0\jwks-rsa-0.15.0.jar;C:\Users\VenkyJagannath\.m2\repository\com\google\guava\guava\30.1-jre\guava-30.1-jre.jar;C:\Users\VenkyJagannath\.m2\repository\com\google\guava\failureaccess\1.0.1\failureaccess-1.0.1.jar;C:\Users\VenkyJagannath\.m2\repository\com\google\guava\listenablefuture\9999.0-empty-to-avoid-conflict-with-guava\listenablefuture-9999.0-empty-to-avoid-conflict-with-guava.jar;C:\Users\VenkyJagannath\.m2\repository\com\google\code\findbugs\jsr305\3.0.2\jsr305-3.0.2.jar;C:\Users\VenkyJagannath\.m2\repository\org\checkerframework\checker-qual\3.5.0\checker-qual-3.5.0.jar;C:\Users\VenkyJagannath\.m2\repository\com\google\errorprone\error_prone_annotations\2.3.4\error_prone_annotations-2.3.4.jar;C:\Users\VenkyJagannath\.m2\repository\com\google\j2objc\j2objc-annotations\1.3\j2objc-annotations-1.3.jar;C:\Users\VenkyJagannath\.m2\repository\org\javatuples\javatuples\1.2\javatuples-1.2.jar;C:\Users\VenkyJagannath\.m2\repository\org\apache\commons\commons-lang3\3.11\commons-lang3-3.11.jar;C:\Users\VenkyJagannath\.m2\repository\org\yaml\snakeyaml\1.27\snakeyaml-1.27.jar;C:\Users\VenkyJagannath\.m2\repository\org\jsoup\jsoup\1.15.3\jsoup-1.15.3.jar;C:\Users\VenkyJagannath\.m2\repository\com\google\auto\value\auto-value-annotations\1.6.2\auto-value-annotations-1.6.2.jar;C:\Users\VenkyJagannath\.m2\repository\com\google\auto\value\auto-value\1.6.2\auto-value-1.6.2.jar;C:\Users\VenkyJagannath\.m2\repository\com\azure\azure-search-documents\11.1.3\azure-search-documents-11.1.3.jar;C:\Users\VenkyJagannath\.m2\repository\com\azure\azure-core\1.12.0\azure-core-1.12.0.jar;C:\Users\VenkyJagannath\.m2\repository\com\fasterxml\jackson\dataformat\jackson-dataformat-xml\2.11.3\jackson-dataformat-xml-2.11.3.jar;C:\Users\VenkyJagannath\.m2\repository\com\fasterxml\jackson\module\jackson-module-jaxb-annotations\2.11.3\jackson-module-jaxb-annotations-2.11.3.jar;C:\Users\VenkyJagannath\.m2\repository\org\codehaus\woodstox\stax2-api\4.2.1\stax2-api-4.2.1.jar;C:\Users\VenkyJagannath\.m2\repository\com\fasterxml\woodstox\woodstox-core\6.2.1\woodstox-core-6.2.1.jar;C:\Users\VenkyJagannath\.m2\repository\io\projectreactor\reactor-core\3.4.0\reactor-core-3.4.0.jar;C:\Users\VenkyJagannath\.m2\repository\org\reactivestreams\reactive-streams\1.0.3\reactive-streams-1.0.3.jar;C:\Users\VenkyJagannath\.m2\repository\io\netty\netty-tcnative-boringssl-static\2.0.34.Final\netty-tcnative-boringssl-static-2.0.34.Final.jar;C:\Users\VenkyJagannath\.m2\repository\com\azure\azure-core-http-netty\1.7.1\azure-core-http-netty-1.7.1.jar;C:\Users\VenkyJagannath\.m2\repository\io\netty\netty-handler\4.1.54.Final\netty-handler-4.1.54.Final.jar;C:\Users\VenkyJagannath\.m2\repository\io\netty\netty-common\4.1.54.Final\netty-common-4.1.54.Final.jar;C:\Users\VenkyJagannath\.m2\repository\io\netty\netty-resolver\4.1.54.Final\netty-resolver-4.1.54.Final.jar;C:\Users\VenkyJagannath\.m2\repository\io\netty\netty-transport\4.1.54.Final\netty-transport-4.1.54.Final.jar;C:\Users\VenkyJagannath\.m2\repository\io\netty\netty-codec\4.1.54.Final\netty-codec-4.1.54.Final.jar;C:\Users\VenkyJagannath\.m2\repository\io\netty\netty-handler-proxy\4.1.54.Final\netty-handler-proxy-4.1.54.Final.jar;C:\Users\VenkyJagannath\.m2\repository\io\netty\netty-codec-socks\4.1.54.Final\netty-codec-socks-4.1.54.Final.jar;C:\Users\VenkyJagannath\.m2\repository\io\netty\netty-buffer\4.1.54.Final\netty-buffer-4.1.54.Final.jar;C:\Users\VenkyJagannath\.m2\repository\io\netty\netty-codec-http\4.1.54.Final\netty-codec-http-4.1.54.Final.jar;C:\Users\VenkyJagannath\.m2\repository\io\netty\netty-codec-http2\4.1.54.Final\netty-codec-http2-4.1.54.Final.jar;C:\Users\VenkyJagannath\.m2\repository\io\netty\netty-transport-native-unix-common\4.1.54.Final\netty-transport-native-unix-common-4.1.54.Final.jar;C:\Users\VenkyJagannath\.m2\repository\io\netty\netty-transport-native-epoll\4.1.54.Final\netty-transport-native-epoll-4.1.54.Final-linux-x86_64.jar;C:\Users\VenkyJagannath\.m2\repository\io\netty\netty-transport-native-kqueue\4.1.54.Final\netty-transport-native-kqueue-4.1.54.Final-osx-x86_64.jar;C:\Users\VenkyJagannath\.m2\repository\io\projectreactor\netty\reactor-netty\1.0.1\reactor-netty-1.0.1.jar;C:\Users\VenkyJagannath\.m2\repository\io\projectreactor\netty\reactor-netty-core\1.0.1\reactor-netty-core-1.0.1.jar;C:\Users\VenkyJagannath\.m2\repository\io\netty\netty-resolver-dns\4.1.54.Final\netty-resolver-dns-4.1.54.Final.jar;C:\Users\VenkyJagannath\.m2\repository\io\netty\netty-codec-dns\4.1.54.Final\netty-codec-dns-4.1.54.Final.jar;C:\Users\VenkyJagannath\.m2\repository\io\projectreactor\netty\reactor-netty-http\1.0.1\reactor-netty-http-1.0.1.jar;C:\Users\VenkyJagannath\.m2\repository\io\projectreactor\netty\reactor-netty-http-brave\1.0.1\reactor-netty-http-brave-1.0.1.jar;C:\Users\VenkyJagannath\.m2\repository\io\zipkin\brave\brave-instrumentation-http\5.13.1\brave-instrumentation-http-5.13.1.jar;C:\Users\VenkyJagannath\.m2\repository\io\zipkin\brave\brave\5.13.1\brave-5.13.1.jar;C:\Users\VenkyJagannath\.m2\repository\io\zipkin\reporter2\zipkin-reporter-brave\2.16.0\zipkin-reporter-brave-2.16.0.jar;C:\Users\VenkyJagannath\.m2\repository\io\zipkin\reporter2\zipkin-reporter\2.16.0\zipkin-reporter-2.16.0.jar;C:\Users\VenkyJagannath\.m2\repository\io\zipkin\zipkin2\zipkin\2.22.2\zipkin-2.22.2.jar;C:\Users\VenkyJagannath\.m2\repository\com\azure\azure-core-serializer-json-jackson\1.1.1\azure-core-serializer-json-jackson-1.1.1.jar;C:\Users\VenkyJagannath\.m2\repository\com\google\code\gson\gson\2.8.6\gson-2.8.6.jar;C:\Users\VenkyJagannath\.m2\repository\org\apache\httpcomponents\httpclient\4.5.13\httpclient-4.5.13.jar;C:\Users\VenkyJagannath\.m2\repository\org\apache\httpcomponents\httpcore\4.4.13\httpcore-4.4.13.jar;C:\Users\VenkyJagannath\.m2\repository\commons-codec\commons-codec\1.15\commons-codec-1.15.jar;C:\Users\VenkyJagannath\.m2\repository\org\apache\commons\commons-text\1.10.0\commons-text-1.10.0.jar;"/>
    <property name="java.vm.vendor" value="Microsoft"/>
    <property name="sun.arch.data.model" value="64"/>
    <property name="user.variant" value=""/>
    <property name="java.vendor.url" value="https://www.microsoft.com"/>
    <property name="user.timezone" value="America/Chicago"/>
    <property name="java.vm.specification.version" value="11"/>
    <property name="os.name" value="Windows 10"/>
    <property name="sun.java.launcher" value="SUN_STANDARD"/>
    <property name="user.country" value="US"/>
    <property name="sun.boot.library.path" value="c:\Venky\jdk-11.0.15.10-hotspot\bin"/>
    <property name="sun.java.command" value="C:\Users\VENKYJ~1\AppData\Local\Temp\surefire4549808322423861540\surefirebooter6685337923770259228.jar C:\Users\VenkyJagannath\AppData\Local\Temp\surefire4549808322423861540 2022-10-04T21-06-30_669-jvmRun1 surefire6404515386560151837tmp surefire_07754496828759437585tmp"/>
    <property name="jdk.debug" value="release"/>
    <property name="surefire.test.class.path" value="C:\Venky\intellij-projects\MovieLensChatBot\target\test-classes;C:\Venky\intellij-projects\MovieLensChatBot\target\classes;C:\Users\VenkyJagannath\.m2\repository\org\springframework\boot\spring-boot-starter-test\2.4.0\spring-boot-starter-test-2.4.0.jar;C:\Users\VenkyJagannath\.m2\repository\org\springframework\boot\spring-boot-starter\2.4.0\spring-boot-starter-2.4.0.jar;C:\Users\VenkyJagannath\.m2\repository\org\springframework\boot\spring-boot-autoconfigure\2.4.0\spring-boot-autoconfigure-2.4.0.jar;C:\Users\VenkyJagannath\.m2\repository\org\springframework\boot\spring-boot-starter-logging\2.4.0\spring-boot-starter-logging-2.4.0.jar;C:\Users\VenkyJagannath\.m2\repository\ch\qos\logback\logback-classic\1.2.3\logback-classic-1.2.3.jar;C:\Users\VenkyJagannath\.m2\repository\ch\qos\logback\logback-core\1.2.3\logback-core-1.2.3.jar;C:\Users\VenkyJagannath\.m2\repository\org\slf4j\jul-to-slf4j\1.7.30\jul-to-slf4j-1.7.30.jar;C:\Users\VenkyJagannath\.m2\repository\jakarta\annotation\jakarta.annotation-api\1.3.5\jakarta.annotation-api-1.3.5.jar;C:\Users\VenkyJagannath\.m2\repository\org\springframework\boot\spring-boot-test\2.4.0\spring-boot-test-2.4.0.jar;C:\Users\VenkyJagannath\.m2\repository\org\springframework\boot\spring-boot-test-autoconfigure\2.4.0\spring-boot-test-autoconfigure-2.4.0.jar;C:\Users\VenkyJagannath\.m2\repository\com\jayway\jsonpath\json-path\2.4.0\json-path-2.4.0.jar;C:\Users\VenkyJagannath\.m2\repository\net\minidev\json-smart\2.3\json-smart-2.3.jar;C:\Users\VenkyJagannath\.m2\repository\net\minidev\accessors-smart\1.2\accessors-smart-1.2.jar;C:\Users\VenkyJagannath\.m2\repository\org\ow2\asm\asm\5.0.4\asm-5.0.4.jar;C:\Users\VenkyJagannath\.m2\repository\jakarta\xml\bind\jakarta.xml.bind-api\2.3.3\jakarta.xml.bind-api-2.3.3.jar;C:\Users\VenkyJagannath\.m2\repository\jakarta\activation\jakarta.activation-api\1.2.2\jakarta.activation-api-1.2.2.jar;C:\Users\VenkyJagannath\.m2\repository\org\assertj\assertj-core\3.18.1\assertj-core-3.18.1.jar;C:\Users\VenkyJagannath\.m2\repository\org\hamcrest\hamcrest\2.2\hamcrest-2.2.jar;C:\Users\VenkyJagannath\.m2\repository\org\junit\jupiter\junit-jupiter\5.7.0\junit-jupiter-5.7.0.jar;C:\Users\VenkyJagannath\.m2\repository\org\junit\jupiter\junit-jupiter-api\5.7.0\junit-jupiter-api-5.7.0.jar;C:\Users\VenkyJagannath\.m2\repository\org\junit\jupiter\junit-jupiter-params\5.7.0\junit-jupiter-params-5.7.0.jar;C:\Users\VenkyJagannath\.m2\repository\org\junit\jupiter\junit-jupiter-engine\5.7.0\junit-jupiter-engine-5.7.0.jar;C:\Users\VenkyJagannath\.m2\repository\org\mockito\mockito-core\3.6.0\mockito-core-3.6.0.jar;C:\Users\VenkyJagannath\.m2\repository\net\bytebuddy\byte-buddy\1.10.18\byte-buddy-1.10.18.jar;C:\Users\VenkyJagannath\.m2\repository\net\bytebuddy\byte-buddy-agent\1.10.18\byte-buddy-agent-1.10.18.jar;C:\Users\VenkyJagannath\.m2\repository\org\objenesis\objenesis\3.1\objenesis-3.1.jar;C:\Users\VenkyJagannath\.m2\repository\org\mockito\mockito-junit-jupiter\3.6.0\mockito-junit-jupiter-3.6.0.jar;C:\Users\VenkyJagannath\.m2\repository\org\skyscreamer\jsonassert\1.5.0\jsonassert-1.5.0.jar;C:\Users\VenkyJagannath\.m2\repository\com\vaadin\external\google\android-json\0.0.20131108.vaadin1\android-json-0.0.20131108.vaadin1.jar;C:\Users\VenkyJagannath\.m2\repository\org\springframework\spring-core\5.3.1\spring-core-5.3.1.jar;C:\Users\VenkyJagannath\.m2\repository\org\springframework\spring-jcl\5.3.1\spring-jcl-5.3.1.jar;C:\Users\VenkyJagannath\.m2\repository\org\springframework\spring-test\5.3.1\spring-test-5.3.1.jar;C:\Users\VenkyJagannath\.m2\repository\org\xmlunit\xmlunit-core\2.7.0\xmlunit-core-2.7.0.jar;C:\Users\VenkyJagannath\.m2\repository\junit\junit\4.13.1\junit-4.13.1.jar;C:\Users\VenkyJagannath\.m2\repository\org\hamcrest\hamcrest-core\2.2\hamcrest-core-2.2.jar;C:\Users\VenkyJagannath\.m2\repository\org\junit\vintage\junit-vintage-engine\5.7.0\junit-vintage-engine-5.7.0.jar;C:\Users\VenkyJagannath\.m2\repository\org\apiguardian\apiguardian-api\1.1.0\apiguardian-api-1.1.0.jar;C:\Users\VenkyJagannath\.m2\repository\org\junit\platform\junit-platform-engine\1.7.0\junit-platform-engine-1.7.0.jar;C:\Users\VenkyJagannath\.m2\repository\org\opentest4j\opentest4j\1.2.0\opentest4j-1.2.0.jar;C:\Users\VenkyJagannath\.m2\repository\org\junit\platform\junit-platform-commons\1.7.0\junit-platform-commons-1.7.0.jar;C:\Users\VenkyJagannath\.m2\repository\org\slf4j\slf4j-api\1.7.30\slf4j-api-1.7.30.jar;C:\Users\VenkyJagannath\.m2\repository\org\apache\logging\log4j\log4j-api\2.13.3\log4j-api-2.13.3.jar;C:\Users\VenkyJagannath\.m2\repository\org\apache\logging\log4j\log4j-core\2.13.3\log4j-core-2.13.3.jar;C:\Users\VenkyJagannath\.m2\repository\org\apache\logging\log4j\log4j-to-slf4j\2.13.3\log4j-to-slf4j-2.13.3.jar;C:\Users\VenkyJagannath\.m2\repository\com\microsoft\bot\bot-integration-spring\4.14.1\bot-integration-spring-4.14.1.jar;C:\Users\VenkyJagannath\.m2\repository\org\springframework\boot\spring-boot-starter-web\2.4.0\spring-boot-starter-web-2.4.0.jar;C:\Users\VenkyJagannath\.m2\repository\org\springframework\boot\spring-boot-starter-json\2.4.0\spring-boot-starter-json-2.4.0.jar;C:\Users\VenkyJagannath\.m2\repository\com\fasterxml\jackson\core\jackson-databind\2.11.3\jackson-databind-2.11.3.jar;C:\Users\VenkyJagannath\.m2\repository\org\springframework\boot\spring-boot-starter-tomcat\2.4.0\spring-boot-starter-tomcat-2.4.0.jar;C:\Users\VenkyJagannath\.m2\repository\org\apache\tomcat\embed\tomcat-embed-core\9.0.39\tomcat-embed-core-9.0.39.jar;C:\Users\VenkyJagannath\.m2\repository\org\glassfish\jakarta.el\3.0.3\jakarta.el-3.0.3.jar;C:\Users\VenkyJagannath\.m2\repository\org\apache\tomcat\embed\tomcat-embed-websocket\9.0.39\tomcat-embed-websocket-9.0.39.jar;C:\Users\VenkyJagannath\.m2\repository\org\springframework\spring-web\5.3.1\spring-web-5.3.1.jar;C:\Users\VenkyJagannath\.m2\repository\org\springframework\spring-webmvc\5.3.1\spring-webmvc-5.3.1.jar;C:\Users\VenkyJagannath\.m2\repository\org\springframework\spring-aop\5.3.1\spring-aop-5.3.1.jar;C:\Users\VenkyJagannath\.m2\repository\org\springframework\spring-expression\5.3.1\spring-expression-5.3.1.jar;C:\Users\VenkyJagannath\.m2\repository\org\springframework\spring-beans\5.3.1\spring-beans-5.3.1.jar;C:\Users\VenkyJagannath\.m2\repository\org\springframework\boot\spring-boot\2.4.0\spring-boot-2.4.0.jar;C:\Users\VenkyJagannath\.m2\repository\org\springframework\spring-context\5.3.1\spring-context-5.3.1.jar;C:\Users\VenkyJagannath\.m2\repository\com\microsoft\bot\bot-integration-core\4.14.1\bot-integration-core-4.14.1.jar;C:\Users\VenkyJagannath\.m2\repository\com\microsoft\bot\bot-schema\4.14.1\bot-schema-4.14.1.jar;C:\Users\VenkyJagannath\.m2\repository\com\microsoft\bot\bot-connector\4.14.1\bot-connector-4.14.1.jar;C:\Users\VenkyJagannath\.m2\repository\com\squareup\retrofit2\retrofit\2.5.0\retrofit-2.5.0.jar;C:\Users\VenkyJagannath\.m2\repository\com\squareup\retrofit2\converter-jackson\2.5.0\converter-jackson-2.5.0.jar;C:\Users\VenkyJagannath\.m2\repository\com\squareup\okhttp3\okhttp\3.14.9\okhttp-3.14.9.jar;C:\Users\VenkyJagannath\.m2\repository\com\squareup\okio\okio\1.17.2\okio-1.17.2.jar;C:\Users\VenkyJagannath\.m2\repository\com\squareup\okhttp3\logging-interceptor\3.14.9\logging-interceptor-3.14.9.jar;C:\Users\VenkyJagannath\.m2\repository\com\squareup\okhttp3\okhttp-urlconnection\3.14.9\okhttp-urlconnection-3.14.9.jar;C:\Users\VenkyJagannath\.m2\repository\com\microsoft\azure\azure-annotations\1.7.0\azure-annotations-1.7.0.jar;C:\Users\VenkyJagannath\.m2\repository\com\microsoft\azure\msal4j\1.11.0\msal4j-1.11.0.jar;C:\Users\VenkyJagannath\.m2\repository\com\nimbusds\oauth2-oidc-sdk\8.23.1\oauth2-oidc-sdk-8.23.1.jar;C:\Users\VenkyJagannath\.m2\repository\com\github\stephenc\jcip\jcip-annotations\1.0-1\jcip-annotations-1.0-1.jar;C:\Users\VenkyJagannath\.m2\repository\com\nimbusds\content-type\2.1\content-type-2.1.jar;C:\Users\VenkyJagannath\.m2\repository\com\nimbusds\lang-tag\1.4.4\lang-tag-1.4.4.jar;C:\Users\VenkyJagannath\.m2\repository\com\nimbusds\nimbus-jose-jwt\9.1.2\nimbus-jose-jwt-9.1.2.jar;C:\Users\VenkyJagannath\.m2\repository\commons-io\commons-io\2.8.0\commons-io-2.8.0.jar;C:\Users\VenkyJagannath\.m2\repository\com\microsoft\bot\bot-dialogs\4.14.1\bot-dialogs-4.14.1.jar;C:\Users\VenkyJagannath\.m2\repository\com\microsoft\bot\bot-builder\4.14.1\bot-builder-4.14.1.jar;C:\Users\VenkyJagannath\.m2\repository\com\fasterxml\jackson\module\jackson-module-parameter-names\2.11.3\jackson-module-parameter-names-2.11.3.jar;C:\Users\VenkyJagannath\.m2\repository\com\fasterxml\jackson\core\jackson-core\2.11.3\jackson-core-2.11.3.jar;C:\Users\VenkyJagannath\.m2\repository\com\fasterxml\jackson\datatype\jackson-datatype-jdk8\2.11.3\jackson-datatype-jdk8-2.11.3.jar;C:\Users\VenkyJagannath\.m2\repository\com\fasterxml\jackson\datatype\jackson-datatype-jsr310\2.11.3\jackson-datatype-jsr310-2.11.3.jar;C:\Users\VenkyJagannath\.m2\repository\com\fasterxml\jackson\core\jackson-annotations\2.11.3\jackson-annotations-2.11.3.jar;C:\Users\VenkyJagannath\.m2\repository\com\codepoetics\protonpack\1.13\protonpack-1.13.jar;C:\Users\VenkyJagannath\.m2\repository\com\auth0\java-jwt\3.13.0\java-jwt-3.13.0.jar;C:\Users\VenkyJagannath\.m2\repository\com\auth0\jwks-rsa\0.15.0\jwks-rsa-0.15.0.jar;C:\Users\VenkyJagannath\.m2\repository\com\google\guava\guava\30.1-jre\guava-30.1-jre.jar;C:\Users\VenkyJagannath\.m2\repository\com\google\guava\failureaccess\1.0.1\failureaccess-1.0.1.jar;C:\Users\VenkyJagannath\.m2\repository\com\google\guava\listenablefuture\9999.0-empty-to-avoid-conflict-with-guava\listenablefuture-9999.0-empty-to-avoid-conflict-with-guava.jar;C:\Users\VenkyJagannath\.m2\repository\com\google\code\findbugs\jsr305\3.0.2\jsr305-3.0.2.jar;C:\Users\VenkyJagannath\.m2\repository\org\checkerframework\checker-qual\3.5.0\checker-qual-3.5.0.jar;C:\Users\VenkyJagannath\.m2\repository\com\google\errorprone\error_prone_annotations\2.3.4\error_prone_annotations-2.3.4.jar;C:\Users\VenkyJagannath\.m2\repository\com\google\j2objc\j2objc-annotations\1.3\j2objc-annotations-1.3.jar;C:\Users\VenkyJagannath\.m2\repository\org\javatuples\javatuples\1.2\javatuples-1.2.jar;C:\Users\VenkyJagannath\.m2\repository\org\apache\commons\commons-lang3\3.11\commons-lang3-3.11.jar;C:\Users\VenkyJagannath\.m2\repository\org\yaml\snakeyaml\1.27\snakeyaml-1.27.jar;C:\Users\VenkyJagannath\.m2\repository\org\jsoup\jsoup\1.15.3\jsoup-1.15.3.jar;C:\Users\VenkyJagannath\.m2\repository\com\google\auto\value\auto-value-annotations\1.6.2\auto-value-annotations-1.6.2.jar;C:\Users\VenkyJagannath\.m2\repository\com\google\auto\value\auto-value\1.6.2\auto-value-1.6.2.jar;C:\Users\VenkyJagannath\.m2\repository\com\azure\azure-search-documents\11.1.3\azure-search-documents-11.1.3.jar;C:\Users\VenkyJagannath\.m2\repository\com\azure\azure-core\1.12.0\azure-core-1.12.0.jar;C:\Users\VenkyJagannath\.m2\repository\com\fasterxml\jackson\dataformat\jackson-dataformat-xml\2.11.3\jackson-dataformat-xml-2.11.3.jar;C:\Users\VenkyJagannath\.m2\repository\com\fasterxml\jackson\module\jackson-module-jaxb-annotations\2.11.3\jackson-module-jaxb-annotations-2.11.3.jar;C:\Users\VenkyJagannath\.m2\repository\org\codehaus\woodstox\stax2-api\4.2.1\stax2-api-4.2.1.jar;C:\Users\VenkyJagannath\.m2\repository\com\fasterxml\woodstox\woodstox-core\6.2.1\woodstox-core-6.2.1.jar;C:\Users\VenkyJagannath\.m2\repository\io\projectreactor\reactor-core\3.4.0\reactor-core-3.4.0.jar;C:\Users\VenkyJagannath\.m2\repository\org\reactivestreams\reactive-streams\1.0.3\reactive-streams-1.0.3.jar;C:\Users\VenkyJagannath\.m2\repository\io\netty\netty-tcnative-boringssl-static\2.0.34.Final\netty-tcnative-boringssl-static-2.0.34.Final.jar;C:\Users\VenkyJagannath\.m2\repository\com\azure\azure-core-http-netty\1.7.1\azure-core-http-netty-1.7.1.jar;C:\Users\VenkyJagannath\.m2\repository\io\netty\netty-handler\4.1.54.Final\netty-handler-4.1.54.Final.jar;C:\Users\VenkyJagannath\.m2\repository\io\netty\netty-common\4.1.54.Final\netty-common-4.1.54.Final.jar;C:\Users\VenkyJagannath\.m2\repository\io\netty\netty-resolver\4.1.54.Final\netty-resolver-4.1.54.Final.jar;C:\Users\VenkyJagannath\.m2\repository\io\netty\netty-transport\4.1.54.Final\netty-transport-4.1.54.Final.jar;C:\Users\VenkyJagannath\.m2\repository\io\netty\netty-codec\4.1.54.Final\netty-codec-4.1.54.Final.jar;C:\Users\VenkyJagannath\.m2\repository\io\netty\netty-handler-proxy\4.1.54.Final\netty-handler-proxy-4.1.54.Final.jar;C:\Users\VenkyJagannath\.m2\repository\io\netty\netty-codec-socks\4.1.54.Final\netty-codec-socks-4.1.54.Final.jar;C:\Users\VenkyJagannath\.m2\repository\io\netty\netty-buffer\4.1.54.Final\netty-buffer-4.1.54.Final.jar;C:\Users\VenkyJagannath\.m2\repository\io\netty\netty-codec-http\4.1.54.Final\netty-codec-http-4.1.54.Final.jar;C:\Users\VenkyJagannath\.m2\repository\io\netty\netty-codec-http2\4.1.54.Final\netty-codec-http2-4.1.54.Final.jar;C:\Users\VenkyJagannath\.m2\repository\io\netty\netty-transport-native-unix-common\4.1.54.Final\netty-transport-native-unix-common-4.1.54.Final.jar;C:\Users\VenkyJagannath\.m2\repository\io\netty\netty-transport-native-epoll\4.1.54.Final\netty-transport-native-epoll-4.1.54.Final-linux-x86_64.jar;C:\Users\VenkyJagannath\.m2\repository\io\netty\netty-transport-native-kqueue\4.1.54.Final\netty-transport-native-kqueue-4.1.54.Final-osx-x86_64.jar;C:\Users\VenkyJagannath\.m2\repository\io\projectreactor\netty\reactor-netty\1.0.1\reactor-netty-1.0.1.jar;C:\Users\VenkyJagannath\.m2\repository\io\projectreactor\netty\reactor-netty-core\1.0.1\reactor-netty-core-1.0.1.jar;C:\Users\VenkyJagannath\.m2\repository\io\netty\netty-resolver-dns\4.1.54.Final\netty-resolver-dns-4.1.54.Final.jar;C:\Users\VenkyJagannath\.m2\repository\io\netty\netty-codec-dns\4.1.54.Final\netty-codec-dns-4.1.54.Final.jar;C:\Users\VenkyJagannath\.m2\repository\io\projectreactor\netty\reactor-netty-http\1.0.1\reactor-netty-http-1.0.1.jar;C:\Users\VenkyJagannath\.m2\repository\io\projectreactor\netty\reactor-netty-http-brave\1.0.1\reactor-netty-http-brave-1.0.1.jar;C:\Users\VenkyJagannath\.m2\repository\io\zipkin\brave\brave-instrumentation-http\5.13.1\brave-instrumentation-http-5.13.1.jar;C:\Users\VenkyJagannath\.m2\repository\io\zipkin\brave\brave\5.13.1\brave-5.13.1.jar;C:\Users\VenkyJagannath\.m2\repository\io\zipkin\reporter2\zipkin-reporter-brave\2.16.0\zipkin-reporter-brave-2.16.0.jar;C:\Users\VenkyJagannath\.m2\repository\io\zipkin\reporter2\zipkin-reporter\2.16.0\zipkin-reporter-2.16.0.jar;C:\Users\VenkyJagannath\.m2\repository\io\zipkin\zipkin2\zipkin\2.22.2\zipkin-2.22.2.jar;C:\Users\VenkyJagannath\.m2\repository\com\azure\azure-core-serializer-json-jackson\1.1.1\azure-core-serializer-json-jackson-1.1.1.jar;C:\Users\VenkyJagannath\.m2\repository\com\google\code\gson\gson\2.8.6\gson-2.8.6.jar;C:\Users\VenkyJagannath\.m2\repository\org\apache\httpcomponents\httpclient\4.5.13\httpclient-4.5.13.jar;C:\Users\VenkyJagannath\.m2\repository\org\apache\httpcomponents\httpcore\4.4.13\httpcore-4.4.13.jar;C:\Users\VenkyJagannath\.m2\repository\commons-codec\commons-codec\1.15\commons-codec-1.15.jar;C:\Users\VenkyJagannath\.m2\repository\org\apache\commons\commons-text\1.10.0\commons-text-1.10.0.jar;"/>
    <property name="sun.cpu.endian" value="little"/>
    <property name="user.home" value="C:\Users\VenkyJagannath"/>
    <property name="user.language" value="en"/>
    <property name="java.specification.vendor" value="Oracle Corporation"/>
    <property name="java.version.date" value="2022-04-19"/>
    <property name="java.home" value="c:\Venky\jdk-11.0.15.10-hotspot"/>
    <property name="file.separator" value="\"/>
    <property name="basedir" value="C:\Venky\intellij-projects\MovieLensChatBot"/>
    <property name="java.vm.compressedOopsMode" value="Zero based"/>
    <property name="line.separator" value="&#10;"/>
    <property name="java.specification.name" value="Java Platform API Specification"/>
    <property name="java.vm.specification.vendor" value="Oracle Corporation"/>
    <property name="java.awt.graphicsenv" value="sun.awt.Win32GraphicsEnvironment"/>
    <property name="surefire.real.class.path" value="C:\Users\VENKYJ~1\AppData\Local\Temp\surefire4549808322423861540\surefirebooter6685337923770259228.jar"/>
    <property name="user.script" value=""/>
    <property name="sun.management.compiler" value="HotSpot 64-Bit Tiered Compilers"/>
    <property name="java.runtime.version" value="11.0.15+10-LTS"/>
    <property name="user.name" value="VenkyJagannath"/>
    <property name="path.separator" value=";"/>
    <property name="os.version" value="10.0"/>
    <property name="java.runtime.name" value="OpenJDK Runtime Environment"/>
    <property name="file.encoding" value="Cp1252"/>
    <property name="java.vm.name" value="OpenJDK 64-Bit Server VM"/>
    <property name="java.vendor.version" value="Microsoft-32930"/>
    <property name="localRepository" value="C:\Users\VenkyJagannath\.m2\repository"/>
    <property name="java.vendor.url.bug" value="https://github.com/microsoft/openjdk/issues"/>
    <property name="java.io.tmpdir" value="C:\Users\VENKYJ~1\AppData\Local\Temp\"/>
    <property name="java.version" value="11.0.15"/>
    <property name="user.dir" value="C:\Venky\intellij-projects\MovieLensChatBot"/>
    <property name="os.arch" value="amd64"/>
    <property name="java.vm.specification.name" value="Java Virtual Machine Specification"/>
    <property name="java.awt.printerjob" value="sun.awt.windows.WPrinterJob"/>
    <property name="sun.os.patch.level" value=""/>
    <property name="java.library.path" value="c:\Venky\jdk-11.0.15.10-hotspot\bin;C:\WINDOWS\Sun\Java\bin;C:\WINDOWS\system32;C:\WINDOWS;C:\Program Files (x86)\Microsoft SDKs\Azure\CLI2\wbin;C:\Venky\jdk-11.0.15.10-hotspot\bin;C:\venky\jdk-8.0.342.07-hotspot\bin;C:\Program Files\Common Files\Oracle\Java\javapath;C:\Windows\system32;C:\Windows;C:\Windows\System32\Wbem;C:\Windows\System32\WindowsPowerShell\v1.0\;C:\Windows\System32\OpenSSH\;C:\Program Files (x86)\NVIDIA Corporation\PhysX\Common;C:\Program Files\NVIDIA Corporation\NVIDIA NvDLISR;C:\WINDOWS\system32;C:\WINDOWS;C:\WINDOWS\System32\Wbem;C:\WINDOWS\System32\WindowsPowerShell\v1.0\;C:\WINDOWS\System32\OpenSSH\;C:\Program Files (x86)\QuickTime\QTSystem\;C:\Program Files (x86)\Microsoft SQL Server\150\DTS\Binn\;C:\Program Files\Azure Data Studio\bin;C:\Program Files\Microsoft SQL Server\Client SDK\ODBC\170\Tools\Binn\;C:\Program Files\Docker\Docker\resources\bin;C:\ProgramData\DockerDesktop\version-bin;C:\Users\VenkyJagannath\AppData\Local\Microsoft\WindowsApps;C:\Users\VenkyJagannath\AppData\Local\GitHubDesktop\bin;C:\Users\VenkyJagannath\AppData\Local\Programs\Git\cmd;C:\Users\VenkyJagannath\AppData\Local\Programs\Microsoft VS Code\bin;c:\Venky\spark\bin;c:\Venky\apache-maven-3.8.4\bin;."/>
    <property name="java.vm.info" value="mixed mode"/>
    <property name="java.vendor" value="Microsoft"/>
    <property name="java.vm.version" value="11.0.15+10-LTS"/>
    <property name="sun.io.unicode.encoding" value="UnicodeLittle"/>
    <property name="java.class.version" value="55.0"/>
  </properties>
  <testcase name="contextLoads" classname="com.gssystems.movielens.chatbot.ApplicationTest" time="0.583"/>
</testsuite>